[2019-02-11 09:04:03][1554] Processing: App\Mail\ContactUsMail
[2019-02-11 09:04:05][1554] Processed:  App\Mail\ContactUsMail
[2019-02-11 09:04:35][1555] Processing: App\Mail\ContactUsMail
[2019-02-11 09:04:36][1555] Processed:  App\Mail\ContactUsMail
[2019-02-11 09:07:21][1556] Processing: App\Mail\ContactUsMail
[2019-02-11 09:07:23][1556] Processed:  App\Mail\ContactUsMail
[2019-02-11 09:09:53][1557] Processing: App\Mail\ContactUsMail
[2019-02-11 09:09:55][1557] Processed:  App\Mail\ContactUsMail
[2019-02-11 09:10:25][1558] Processing: App\Mail\ContactUsMail
[2019-02-11 09:10:28][1558] Processed:  App\Mail\ContactUsMail
[2019-02-11 10:18:49][1559] Processing: App\Mail\ContactUsMail
[2019-02-11 10:18:53][1559] Processed:  App\Mail\ContactUsMail
[2019-02-11 14:34:51][1560] Processing: App\Mail\ContactUsMail
[2019-02-11 14:34:53][1560] Processed:  App\Mail\ContactUsMail
[2019-02-11 14:36:11][1561] Processing: App\Mail\ContactUsMail
[2019-02-11 14:36:12][1561] Processed:  App\Mail\ContactUsMail
[2019-02-11 14:51:31][1562] Processing: App\Mail\ContactUsMail
[2019-02-11 14:51:33][1562] Processed:  App\Mail\ContactUsMail
[2019-02-11 15:15:45][1563] Processing: App\Mail\ContactUsMail
[2019-02-11 15:15:47][1563] Processed:  App\Mail\ContactUsMail
[2019-02-25 10:32:49][1] Processing: App\Mail\ContactUsMail
[2019-02-25 10:32:51][1] Processed:  App\Mail\ContactUsMail
[2019-02-25 10:32:52][2] Processing: App\Mail\ContactUsMail
[2019-02-25 10:32:53][2] Processed:  App\Mail\ContactUsMail
[2019-02-25 10:36:42][3] Processing: App\Mail\ContactUsMail
[2019-02-25 10:36:43][3] Processed:  App\Mail\ContactUsMail
[2019-02-25 10:45:31][4] Processing: App\Mail\ContactUsMail
[2019-02-25 10:45:33][4] Processed:  App\Mail\ContactUsMail
[2019-02-25 10:45:35][5] Processing: App\Mail\ContactUsMail
[2019-02-25 10:45:36][5] Processed:  App\Mail\ContactUsMail
[2019-02-25 10:46:17][6] Processing: App\Mail\ContactUsMail
[2019-02-25 10:46:18][6] Processed:  App\Mail\ContactUsMail
[2019-02-25 10:46:32][7] Processing: App\Mail\ContactUsMail
[2019-02-25 10:46:33][7] Processed:  App\Mail\ContactUsMail
[2019-02-25 10:49:47][8] Processing: App\Mail\ContactUsMail
[2019-02-25 10:49:48][8] Processed:  App\Mail\ContactUsMail
[2019-03-04 14:20:40][1] Processing: App\Mail\ContactUsMail
[2019-03-04 14:20:45][1] Processed:  App\Mail\ContactUsMail
[2019-03-04 14:22:03][2] Processing: App\Mail\ContactUsMail
[2019-03-04 14:22:04][2] Processed:  App\Mail\ContactUsMail
[2019-03-04 16:12:30][3] Processing: App\Mail\PdfLinkMail
[2019-03-04 16:12:33][3] Processed:  App\Mail\PdfLinkMail
[2019-03-05 07:39:27][4] Processing: App\Mail\PdfLinkMail
[2019-03-05 07:39:31][4] Processed:  App\Mail\PdfLinkMail
[2019-03-05 07:46:25][5] Processing: App\Mail\PdfLinkMail
[2019-03-05 07:46:27][5] Processed:  App\Mail\PdfLinkMail
[2019-03-05 07:51:52][6] Processing: App\Mail\PdfLinkMail
[2019-03-05 07:51:53][6] Processed:  App\Mail\PdfLinkMail
[2019-03-05 07:52:56][7] Processing: App\Mail\PdfLinkMail
[2019-03-05 07:52:57][7] Processed:  App\Mail\PdfLinkMail
[2019-03-05 08:02:58][8] Processing: App\Mail\PdfLinkMail
[2019-03-05 08:02:59][8] Processed:  App\Mail\PdfLinkMail
[2019-03-05 08:05:51][9] Processing: App\Mail\PdfLinkMail
[2019-03-05 08:05:52][9] Processed:  App\Mail\PdfLinkMail
[2019-03-05 08:07:13][10] Processing: App\Mail\PdfLinkMail
[2019-03-05 08:07:14][10] Processed:  App\Mail\PdfLinkMail
[2019-03-05 08:41:01][11] Processing: App\Mail\PdfLinkMail
[2019-03-05 08:41:02][11] Processed:  App\Mail\PdfLinkMail
[2019-03-05 09:19:47][12] Processing: App\Mail\PdfLinkMail
[2019-03-05 09:19:48][12] Processed:  App\Mail\PdfLinkMail
[2019-03-05 10:39:51][13] Processing: App\Mail\PdfLinkMail
[2019-03-05 10:39:53][13] Processed:  App\Mail\PdfLinkMail
[2019-03-05 11:02:52][14] Processing: App\Mail\PdfLinkMail
[2019-03-05 11:02:54][14] Processed:  App\Mail\PdfLinkMail
[2019-03-05 11:04:45][15] Processing: App\Mail\PdfLinkMail
[2019-03-05 11:04:46][15] Processed:  App\Mail\PdfLinkMail
[2019-03-05 11:07:08][16] Processing: App\Mail\PdfLinkMail
[2019-03-05 11:07:09][16] Processed:  App\Mail\PdfLinkMail
[2019-03-05 11:08:12][17] Processing: App\Mail\PdfLinkMail
[2019-03-05 11:08:13][17] Processed:  App\Mail\PdfLinkMail
[2019-03-05 11:13:42][18] Processing: App\Mail\PdfLinkMail
[2019-03-05 11:13:44][18] Processed:  App\Mail\PdfLinkMail
[2019-03-05 11:14:44][19] Processing: App\Mail\PdfLinkMail
[2019-03-05 11:14:45][19] Processed:  App\Mail\PdfLinkMail
[2019-03-05 11:15:21][20] Processing: App\Mail\PdfLinkMail
[2019-03-05 11:15:22][20] Processed:  App\Mail\PdfLinkMail
[2019-03-05 11:17:15][21] Processing: App\Mail\PdfLinkMail
[2019-03-05 11:17:17][21] Processed:  App\Mail\PdfLinkMail
[2019-03-05 11:19:53][22] Processing: App\Mail\PdfLinkMail
[2019-03-05 11:19:54][22] Processed:  App\Mail\PdfLinkMail
[2019-03-05 11:30:07][23] Processing: App\Mail\PdfLinkMail
[2019-03-05 11:30:08][23] Processed:  App\Mail\PdfLinkMail
[2019-03-05 11:31:06][24] Processing: App\Mail\PdfLinkMail
[2019-03-05 11:31:07][24] Processed:  App\Mail\PdfLinkMail
[2019-03-05 12:14:20][25] Processing: App\Mail\PdfLinkMail
[2019-03-05 12:14:21][25] Processed:  App\Mail\PdfLinkMail
[2019-03-05 13:28:43][26] Processing: App\Mail\PdfLinkMail
[2019-03-05 13:28:45][26] Processed:  App\Mail\PdfLinkMail
[2019-03-06 08:54:35][27] Processing: App\Mail\PdfLinkMail
[2019-03-06 08:54:39][27] Processed:  App\Mail\PdfLinkMail
[2019-03-06 10:06:34][28] Processing: App\Mail\PdfLinkMail
[2019-03-06 10:06:36][28] Processed:  App\Mail\PdfLinkMail
[2019-03-06 10:20:52][29] Processing: App\Mail\PdfLinkMail
[2019-03-06 10:20:53][29] Processed:  App\Mail\PdfLinkMail
[2019-03-06 14:49:52][30] Processing: App\Mail\PdfLinkMail
[2019-03-06 14:49:54][30] Processed:  App\Mail\PdfLinkMail
[2019-03-06 14:50:36][31] Processing: App\Mail\PdfLinkMail
[2019-03-06 14:50:38][31] Processed:  App\Mail\PdfLinkMail
[2019-03-06 15:30:09][32] Processing: App\Mail\PdfLinkMail
[2019-03-06 15:30:12][32] Processed:  App\Mail\PdfLinkMail
[2019-03-06 15:31:21][33] Processing: App\Mail\PdfLinkMail
[2019-03-06 15:31:23][33] Processed:  App\Mail\PdfLinkMail
[2019-03-07 07:29:36][34] Processing: App\Mail\PdfLinkMail
[2019-03-07 07:29:38][34] Processed:  App\Mail\PdfLinkMail
[2019-03-07 07:56:33][35] Processing: App\Mail\PdfLinkMail
[2019-03-07 07:56:35][35] Processed:  App\Mail\PdfLinkMail
[2019-03-07 07:57:25][36] Processing: App\Mail\PdfLinkMail
[2019-03-07 07:57:26][36] Processed:  App\Mail\PdfLinkMail
[2019-03-07 08:05:05][37] Processing: App\Mail\PdfLinkMail
[2019-03-07 08:05:07][37] Processed:  App\Mail\PdfLinkMail
[2019-03-07 09:54:37][38] Processing: App\Mail\PdfLinkMail
[2019-03-07 09:54:40][38] Processed:  App\Mail\PdfLinkMail
[2019-03-07 10:07:18][39] Processing: App\Mail\PdfLinkMail
[2019-03-07 10:07:19][39] Processed:  App\Mail\PdfLinkMail
[2019-03-07 10:09:56][40] Processing: App\Mail\PdfLinkMail
[2019-03-07 10:09:58][40] Processed:  App\Mail\PdfLinkMail
[2019-03-07 10:11:26][41] Processing: App\Mail\PdfLinkMail
[2019-03-07 10:11:28][41] Processed:  App\Mail\PdfLinkMail
[2019-03-07 10:14:20][42] Processing: App\Mail\PdfLinkMail
[2019-03-07 10:14:21][42] Processed:  App\Mail\PdfLinkMail
[2019-03-07 10:22:05][43] Processing: App\Mail\PdfLinkMail
[2019-03-07 10:22:06][43] Processed:  App\Mail\PdfLinkMail
[2019-03-07 10:27:33][44] Processing: App\Mail\PdfLinkMail
[2019-03-07 10:27:35][44] Processed:  App\Mail\PdfLinkMail
[2019-03-07 12:32:56][45] Processing: App\Mail\PdfLinkMail
[2019-03-07 12:32:58][45] Processed:  App\Mail\PdfLinkMail
[2019-03-07 14:00:05][46] Processing: App\Mail\PdfLinkMail
[2019-03-07 14:00:07][46] Processed:  App\Mail\PdfLinkMail
[2019-03-11 08:10:44][47] Processing: App\Mail\PdfLinkMail
[2019-03-11 08:10:46][47] Processed:  App\Mail\PdfLinkMail
[2019-03-11 08:32:03][48] Processing: App\Mail\PdfLinkMail
[2019-03-11 08:32:04][48] Processed:  App\Mail\PdfLinkMail
[2019-03-11 15:14:23][49] Processing: App\Mail\PdfLinkMail
[2019-03-11 15:14:26][49] Processed:  App\Mail\PdfLinkMail
[2019-03-12 07:10:36][50] Processing: App\Mail\PdfLinkMail
[2019-03-12 07:10:38][50] Processed:  App\Mail\PdfLinkMail
[2019-03-14 11:13:49][51] Processing: App\Mail\ContactUsMail
[2019-03-14 11:13:53][51] Processed:  App\Mail\ContactUsMail
[2019-03-14 11:13:55][52] Processing: App\Mail\ContactUsMail
[2019-03-14 11:13:57][52] Processed:  App\Mail\ContactUsMail
[2019-03-14 11:14:46][53] Processing: App\Mail\ContactUsMail
[2019-03-14 11:14:47][53] Processed:  App\Mail\ContactUsMail
[2019-03-14 11:15:51][54] Processing: App\Mail\ContactUsMail
[2019-03-14 11:15:53][54] Processed:  App\Mail\ContactUsMail
[2019-03-14 11:16:52][55] Processing: App\Mail\ContactUsMail
[2019-03-14 11:16:53][55] Processed:  App\Mail\ContactUsMail
[2019-03-14 11:31:47][56] Processing: App\Mail\ContactUsMail
[2019-03-14 11:31:49][56] Processed:  App\Mail\ContactUsMail
[2019-03-14 12:36:54][57] Processing: App\Mail\ContactUsMail
[2019-03-14 12:36:56][57] Processed:  App\Mail\ContactUsMail
[2019-03-14 12:38:48][58] Processing: App\Mail\ContactUsMail
[2019-03-14 12:38:49][58] Processed:  App\Mail\ContactUsMail
[2019-03-14 12:47:20][59] Processing: App\Mail\ContactUsMail
[2019-03-14 12:47:22][59] Processed:  App\Mail\ContactUsMail
[2019-03-14 12:49:06][60] Processing: App\Mail\ContactUsMail
[2019-03-14 12:49:07][60] Processed:  App\Mail\ContactUsMail
[2019-03-15 15:30:02][61] Processing: App\Mail\PdfLinkMail
[2019-03-15 15:30:04][61] Processed:  App\Mail\PdfLinkMail
[2019-03-19 15:08:40][62] Processing: App\Notifications\PasswordResetRequest
[2019-03-19 15:08:44][62] Processed:  App\Notifications\PasswordResetRequest
[2019-03-19 15:10:14][63] Processing: App\Notifications\PasswordResetRequest
[2019-03-19 15:10:16][63] Processed:  App\Notifications\PasswordResetRequest
[2019-03-19 15:13:13][64] Processing: App\Notifications\PasswordResetRequest
[2019-03-19 15:13:15][64] Processed:  App\Notifications\PasswordResetRequest
[2019-03-19 15:13:33][65] Processing: App\Notifications\PasswordResetRequest
[2019-03-19 15:13:35][65] Processed:  App\Notifications\PasswordResetRequest
[2019-03-19 15:14:07][66] Processing: App\Notifications\PasswordResetRequest
[2019-03-19 15:14:08][66] Processed:  App\Notifications\PasswordResetRequest
[2019-03-19 15:15:19][67] Processing: App\Notifications\PasswordResetRequest
[2019-03-19 15:15:20][67] Processed:  App\Notifications\PasswordResetRequest
[2019-03-19 15:15:49][68] Processing: App\Notifications\PasswordResetRequest
[2019-03-19 15:15:50][68] Processed:  App\Notifications\PasswordResetRequest
[2019-03-19 16:00:48][69] Processing: App\Notifications\PasswordResetSuccess
[2019-03-19 16:00:50][69] Processed:  App\Notifications\PasswordResetSuccess
[2019-03-22 10:12:37][70] Processing: App\Mail\PdfLinkMail
[2019-03-22 10:12:39][70] Processed:  App\Mail\PdfLinkMail
[2019-03-22 10:13:55][71] Processing: App\Mail\PdfLinkMail
[2019-03-22 10:13:56][71] Processed:  App\Mail\PdfLinkMail
[2019-03-22 10:40:58][72] Processing: App\Mail\PdfLinkMail
[2019-03-22 10:40:59][72] Processed:  App\Mail\PdfLinkMail
[2019-03-22 12:49:51][73] Processing: App\Mail\PdfLinkMail
[2019-03-22 12:49:53][73] Processed:  App\Mail\PdfLinkMail
[2019-03-28 08:27:51][74] Processing: App\Mail\PdfLinkMail
[2019-03-28 08:27:53][74] Processed:  App\Mail\PdfLinkMail
[2019-04-01 11:25:49][75] Processing: App\Mail\ContactUsMail
[2019-04-01 11:25:51][75] Processed:  App\Mail\ContactUsMail
[2019-04-03 06:59:01][76] Processing: App\Mail\PdfLinkMail
[2019-04-03 06:59:05][76] Processed:  App\Mail\PdfLinkMail
[2019-04-10 08:00:36][77] Processing: App\Mail\PdfLinkMail
[2019-04-10 08:00:38][77] Processed:  App\Mail\PdfLinkMail
[2019-04-10 08:38:25][78] Processing: App\Mail\PdfLinkMail
[2019-04-10 08:38:27][78] Processed:  App\Mail\PdfLinkMail
[2019-04-10 08:46:15][79] Processing: App\Mail\PdfLinkMail
[2019-04-10 08:46:17][79] Processed:  App\Mail\PdfLinkMail
[2019-04-22 06:56:23][1] Processing: App\Mail\PdfLinkMail
[2019-04-22 06:56:25][1] Processed:  App\Mail\PdfLinkMail
[2019-05-07 12:09:08][1] Processing: App\Mail\PdfLinkMail
[2019-05-07 12:09:10][1] Processed:  App\Mail\PdfLinkMail
[2019-05-13 12:41:40][2] Processing: App\Mail\PdfLinkMail
[2019-05-13 12:41:43][2] Processed:  App\Mail\PdfLinkMail
[2019-05-13 13:25:26][3] Processing: App\Mail\PdfLinkMail
[2019-05-13 13:25:28][3] Processed:  App\Mail\PdfLinkMail
[2019-05-13 14:02:11][4] Processing: App\Mail\PdfLinkMail
[2019-05-13 14:02:15][4] Processed:  App\Mail\PdfLinkMail
[2019-05-13 14:22:31][5] Processing: App\Mail\PdfLinkMail
[2019-05-13 14:22:33][5] Processed:  App\Mail\PdfLinkMail
[2019-05-14 11:46:32][6] Processing: App\Mail\PdfLinkMail
[2019-05-14 11:46:34][6] Processed:  App\Mail\PdfLinkMail
[2019-05-14 11:57:19][7] Processing: App\Mail\PdfLinkMail
[2019-05-14 11:57:21][7] Processed:  App\Mail\PdfLinkMail
[2019-05-17 13:25:33][8] Processing: App\Mail\PdfLinkMail
[2019-05-17 13:25:36][8] Processed:  App\Mail\PdfLinkMail
[2019-05-24 12:03:39][1] Processing: App\Mail\PdfLinkMail
[2019-05-24 12:03:42][1] Processed:  App\Mail\PdfLinkMail
[2019-05-24 12:09:49][2] Processing: App\Mail\PdfLinkMail
[2019-05-24 12:09:51][2] Processed:  App\Mail\PdfLinkMail
[2019-05-24 12:10:49][3] Processing: App\Mail\PdfLinkMail
[2019-05-24 12:10:50][3] Processed:  App\Mail\PdfLinkMail
[2019-05-24 12:14:03][4] Processing: App\Mail\PdfLinkMail
[2019-05-24 12:14:05][4] Processed:  App\Mail\PdfLinkMail
[2019-05-24 12:34:38][5] Processing: App\Mail\PdfLinkMail
[2019-05-24 12:34:40][5] Processed:  App\Mail\PdfLinkMail
[2019-05-24 12:39:13][6] Processing: App\Mail\PdfLinkMail
[2019-05-24 12:39:15][6] Processed:  App\Mail\PdfLinkMail
[2019-05-24 12:42:54][7] Processing: App\Mail\PdfLinkMail
[2019-05-24 12:42:56][7] Processed:  App\Mail\PdfLinkMail
[2019-05-24 12:52:14][8] Processing: App\Mail\PdfLinkMail
[2019-05-24 12:52:16][8] Processed:  App\Mail\PdfLinkMail
[2019-05-24 12:55:45][9] Processing: App\Mail\PdfLinkMail
[2019-05-24 12:55:46][9] Processed:  App\Mail\PdfLinkMail
[2019-05-24 13:50:08][10] Processing: App\Mail\PdfLinkMail
[2019-05-24 13:50:10][10] Processed:  App\Mail\PdfLinkMail
[2019-05-24 13:54:15][11] Processing: App\Mail\PdfLinkMail
[2019-05-24 13:54:16][11] Processed:  App\Mail\PdfLinkMail
[2019-05-27 07:53:19][12] Processing: App\Mail\PdfLinkMail
[2019-05-27 07:53:22][12] Processed:  App\Mail\PdfLinkMail
[2019-05-27 08:00:56][13] Processing: App\Mail\PdfLinkMail
[2019-05-27 08:00:58][13] Processed:  App\Mail\PdfLinkMail
[2019-05-27 08:02:53][14] Processing: App\Mail\PdfLinkMail
[2019-05-27 08:02:55][14] Processed:  App\Mail\PdfLinkMail
[2019-05-27 08:06:17][15] Processing: App\Mail\PdfLinkMail
[2019-05-27 08:06:18][15] Processed:  App\Mail\PdfLinkMail
[2019-05-27 08:35:14][16] Processing: App\Mail\PdfLinkMail
[2019-05-27 08:35:16][16] Processed:  App\Mail\PdfLinkMail
[2019-05-27 08:52:19][17] Processing: App\Mail\PdfLinkMail
[2019-05-27 08:52:20][17] Processed:  App\Mail\PdfLinkMail
[2019-05-27 08:54:20][18] Processing: App\Mail\PdfLinkMail
[2019-05-27 08:54:21][18] Processed:  App\Mail\PdfLinkMail
[2019-05-27 09:11:50][19] Processing: App\Mail\PdfLinkMail
[2019-05-27 09:11:52][19] Processed:  App\Mail\PdfLinkMail
[2019-05-27 09:23:54][20] Processing: App\Mail\PdfLinkMail
[2019-05-27 09:23:55][20] Processed:  App\Mail\PdfLinkMail
[2019-05-27 11:31:22][21] Processing: App\Mail\PdfLinkMail
[2019-05-27 11:31:24][21] Processed:  App\Mail\PdfLinkMail
[2019-05-27 11:33:06][22] Processing: App\Mail\PdfLinkMail
[2019-05-27 11:33:07][22] Processed:  App\Mail\PdfLinkMail
[2019-05-27 13:26:22][23] Processing: App\Mail\PdfLinkMail
[2019-05-27 13:26:24][23] Processed:  App\Mail\PdfLinkMail
[2019-05-27 13:29:43][24] Processing: App\Mail\PdfLinkMail
[2019-05-27 13:29:44][24] Processed:  App\Mail\PdfLinkMail
[2019-05-27 13:31:10][25] Processing: App\Mail\PdfLinkMail
[2019-05-27 13:31:12][25] Processed:  App\Mail\PdfLinkMail
[2019-05-28 08:51:07][26] Processing: App\Mail\PdfLinkMail
[2019-05-28 08:51:09][26] Processed:  App\Mail\PdfLinkMail
[2019-05-28 14:25:45][27] Processing: App\Mail\PdfLinkMail
[2019-05-28 14:25:48][27] Processed:  App\Mail\PdfLinkMail
[2019-06-11 12:07:03][1] Processing: App\Mail\ContactUsMail
[2019-06-11 12:07:04][2] Processing: App\Mail\ContactUsMail
[2019-06-11 12:07:04][3] Processing: App\Mail\ContactUsMail
[2019-06-11 12:07:05][3] Failed:     App\Mail\ContactUsMail
[2019-06-11 12:35:57][4] Processing: App\Mail\ContactUsMail
[2019-06-11 12:35:59][4] Processed:  App\Mail\ContactUsMail
[2019-06-11 12:43:17][5] Processing: App\Mail\ContactUsMail
[2019-06-11 12:43:18][5] Processed:  App\Mail\ContactUsMail
[2019-06-11 14:42:18][6] Processing: App\Mail\PdfLinkMail
[2019-06-11 14:42:20][6] Processed:  App\Mail\PdfLinkMail
[2019-06-13 06:45:10][7] Processing: App\Mail\PdfLinkMail
[2019-06-13 06:45:11][7] Processed:  App\Mail\PdfLinkMail
[2019-06-13 06:48:17][8] Processing: App\Mail\PdfLinkMail
[2019-06-13 06:48:18][8] Processed:  App\Mail\PdfLinkMail
[2019-06-13 07:41:46][9] Processing: App\Mail\PdfLinkMail
[2019-06-13 07:41:48][9] Processed:  App\Mail\PdfLinkMail
[2019-06-13 12:49:49][10] Processing: App\Mail\PdfLinkMail
[2019-06-13 12:49:50][10] Processed:  App\Mail\PdfLinkMail
[2019-06-13 12:58:43][11] Processing: App\Mail\PdfLinkMail
[2019-06-13 12:58:49][11] Processed:  App\Mail\PdfLinkMail
[2019-06-14 11:31:00][12] Processing: App\Mail\PdfLinkMail
[2019-06-14 11:31:00][13] Processing: App\Mail\PdfLinkMail
[2019-06-14 11:31:00][14] Processing: App\Mail\PdfLinkMail
[2019-06-14 11:31:00][14] Failed:     App\Mail\PdfLinkMail
[2019-06-14 11:34:05][15] Processing: App\Mail\PdfLinkMail
[2019-06-14 11:34:07][15] Processed:  App\Mail\PdfLinkMail
[2019-06-26 11:06:09][16] Processing: App\Mail\PdfLinkMail
[2019-06-26 11:06:09][17] Processing: App\Mail\PdfLinkMail
[2019-06-26 11:06:09][18] Processing: App\Mail\PdfLinkMail
[2019-06-26 11:06:09][18] Failed:     App\Mail\PdfLinkMail
[2019-06-26 11:52:44][19] Processing: App\Mail\PdfLinkMail
[2019-06-26 11:52:44][20] Processing: App\Mail\PdfLinkMail
[2019-06-26 11:52:44][21] Processing: App\Mail\PdfLinkMail
[2019-06-26 11:52:44][21] Failed:     App\Mail\PdfLinkMail
[2019-06-26 11:57:44][22] Processing: App\Mail\PdfLinkMail
[2019-06-26 11:57:44][23] Processing: App\Mail\PdfLinkMail
[2019-06-26 11:57:44][24] Processing: App\Mail\PdfLinkMail
[2019-06-26 11:57:44][24] Failed:     App\Mail\PdfLinkMail
[2019-06-26 12:02:30][25] Processing: App\Mail\PdfLinkMail
[2019-06-26 12:02:32][25] Processed:  App\Mail\PdfLinkMail
